Watching for file changes with StatReloader
"GET /table/ HTTP/1.1" 200 6688
"GET /tableAPI/20210419/20210420/ HTTP/1.1" 200 2
C:\Users\raimoner\Documents\GitHub\Stirling\motor\snippets\views.py changed, reloading.
Watching for file changes with StatReloader
"GET /graph/ HTTP/1.1" 200 10009
"GET /graphAPI/11000000000000/20210419/20210420/ HTTP/1.1" 200 2
"GET /graphAPI/11000000000000/20210401/20210420/ HTTP/1.1" 200 410050
"GET /graph/ HTTP/1.1" 200 10009
"GET /graphAPI/11000000000000/20210419/20210420/ HTTP/1.1" 200 2
Not Found: /favicon.ico
"GET /favicon.ico HTTP/1.1" 404 3029
INFO 2021-04-19 04:11:33,331 autoreload 15768 8256 Watching for file changes with StatReloader
INFO 2021-04-19 04:11:39,922 autoreload 21536 6852 Watching for file changes with StatReloader
INFO 2021-04-19 04:12:13,090 basehttp 21536 16052 "GET /graph/ HTTP/1.1" 200 10009
INFO 2021-04-19 04:12:13,816 basehttp 21536 16052 "GET /graphAPI/11000000000000/20210419/20210420/ HTTP/1.1" 200 2
WARNING 2021-04-19 04:12:14,631 log 21536 16052 Not Found: /favicon.ico
WARNING 2021-04-19 04:12:14,632 basehttp 21536 16052 "GET /favicon.ico HTTP/1.1" 404 3029
INFO 2021-04-19 04:12:59,596 autoreload 21536 6852 C:\Users\raimoner\Documents\GitHub\Stirling\motor\motor\settings.py changed, reloading.
WARNING 2021-04-19 04:13:20,663 log 17468 15548 Not Found: /favicon.ico
WARNING 2021-04-19 04:13:20,664 basehttp 17468 15548 "GET /favicon.ico HTTP/1.1" 404 3029
WARNING 2021-04-19 04:40:34,652 log 17468 13932 Not Found: /favicon.ico
WARNING 2021-04-19 04:40:34,653 basehttp 17468 13932 "GET /favicon.ico HTTP/1.1" 404 3029
